# Versions 1.2.0
- Updated from Angular 7 to Angular 9

# Versions 1.1.2
- The options property of the ag-table-col filter did not work when values were boolean

# Versions 1.1.1
- Added the filterDebounceTime property in AgTableCustomSettings.
- Bug fix in date-format @Input on ag-table-col.

# Versions 1.1.0
- The min-width directive was not working correctly.

# Versions 1.0.9
- The min-width directive was not working correctly.

# Versions 1.0.6, 1.0.7 and 1.0.8
- Fixed bugs. 

# Version 1.0.5
- Attempt of stay on the same page if the data (items) changes.
- Change in table width and height monitoring algorithm.
- Added no-truncate in ag-table-cell.
- Fixed bugs. 

# Version 1.0.4
- Added date filter type on client-side mode.
- Check if the table was removed and put back into the DOM (bug found when using AgTable in the tabs component of the material).

# Version 1.0.3
- Fixes 🤔.

# Version 1.0.2
- Fixes 🤔.

# Version 1.0.1
- AgTable is born 😍.